{"/home/abdul/Documents/Abdul-Qaiyyum/src/ApiCityRouter.ts": {"path":"/home/abdul/Documents/Abdul-Qaiyyum/src/ApiCityRouter.ts","statementMap":{"0":{"start":{"line":1,"column":0},"end":{"line":1,"column":34}},"1":{"start":{"line":2,"column":0},"end":{"line":2,"column":37}},"2":{"start":{"line":3,"column":0},"end":{"line":3,"column":47}},"3":{"start":{"line":5,"column":17},"end":{"line":5,"column":33}},"4":{"start":{"line":7,"column":0},"end":{"line":7,"column":34}},"5":{"start":{"line":8,"column":0},"end":{"line":8,"column":41}},"6":{"start":{"line":13,"column":0},"end":{"line":13,"column":null}},"7":{"start":{"line":15,"column":4},"end":{"line":15,"column":null}},"8":{"start":{"line":16,"column":8},"end":{"line":16,"column":null}},"9":{"start":{"line":17,"column":8},"end":{"line":32,"column":11}},"10":{"start":{"line":17,"column":157},"end":{"line":32,"column":10}},"11":{"start":{"line":21,"column":34},"end":{"line":25,"column":null}},"12":{"start":{"line":21,"column":22},"end":{"line":25,"column":null}},"13":{"start":{"line":26,"column":16},"end":{"line":26,"column":null}},"14":{"start":{"line":29,"column":16},"end":{"line":29,"column":68}},"15":{"start":{"line":30,"column":16},"end":{"line":30,"column":null}},"16":{"start":{"line":35,"column":8},"end":{"line":47,"column":11}},"17":{"start":{"line":35,"column":97},"end":{"line":47,"column":10}},"18":{"start":{"line":37,"column":34},"end":{"line":40,"column":null}},"19":{"start":{"line":37,"column":22},"end":{"line":40,"column":null}},"20":{"start":{"line":41,"column":16},"end":{"line":41,"column":null}},"21":{"start":{"line":44,"column":16},"end":{"line":44,"column":68}},"22":{"start":{"line":45,"column":16},"end":{"line":45,"column":null}},"23":{"start":{"line":50,"column":8},"end":{"line":64,"column":11}},"24":{"start":{"line":50,"column":104},"end":{"line":64,"column":10}},"25":{"start":{"line":54,"column":34},"end":{"line":57,"column":null}},"26":{"start":{"line":54,"column":22},"end":{"line":57,"column":null}},"27":{"start":{"line":58,"column":16},"end":{"line":58,"column":null}},"28":{"start":{"line":61,"column":16},"end":{"line":61,"column":68}},"29":{"start":{"line":62,"column":16},"end":{"line":62,"column":null}},"30":{"start":{"line":71,"column":8},"end":{"line":83,"column":11}},"31":{"start":{"line":71,"column":101},"end":{"line":83,"column":10}},"32":{"start":{"line":73,"column":33},"end":{"line":76,"column":null}},"33":{"start":{"line":73,"column":22},"end":{"line":76,"column":null}},"34":{"start":{"line":77,"column":16},"end":{"line":77,"column":null}},"35":{"start":{"line":80,"column":16},"end":{"line":80,"column":68}},"36":{"start":{"line":81,"column":16},"end":{"line":81,"column":null}},"37":{"start":{"line":86,"column":8},"end":{"line":105,"column":15}},"38":{"start":{"line":86,"column":150},"end":{"line":105,"column":14}},"39":{"start":{"line":88,"column":20},"end":{"line":92,"column":null}},"40":{"start":{"line":93,"column":33},"end":{"line":98,"column":null}},"41":{"start":{"line":93,"column":22},"end":{"line":98,"column":null}},"42":{"start":{"line":99,"column":16},"end":{"line":99,"column":null}},"43":{"start":{"line":102,"column":16},"end":{"line":102,"column":68}},"44":{"start":{"line":103,"column":16},"end":{"line":103,"column":null}},"45":{"start":{"line":108,"column":12},"end":{"line":122,"column":19}},"46":{"start":{"line":108,"column":104},"end":{"line":122,"column":18}},"47":{"start":{"line":111,"column":37},"end":{"line":115,"column":null}},"48":{"start":{"line":111,"column":26},"end":{"line":115,"column":null}},"49":{"start":{"line":116,"column":20},"end":{"line":116,"column":null}},"50":{"start":{"line":119,"column":20},"end":{"line":119,"column":72}},"51":{"start":{"line":120,"column":20},"end":{"line":120,"column":null}},"52":{"start":{"line":124,"column":4},"end":{"line":124,"column":null}},"53":{"start":{"line":137,"column":9},"end":{"line":137,"column":16}}},"fnMap":{"0":{"name":"(anonymous_13)","decl":{"start":{"line":13,"column":0},"end":{"line":13,"column":null}},"loc":{"start":{"line":13,"column":0},"end":{"line":124,"column":null}}},"1":{"name":"Product","decl":{"start":{"line":15,"column":4},"end":{"line":15,"column":null}},"loc":{"start":{"line":15,"column":4},"end":{"line":123,"column":17}}},"2":{"name":"(anonymous_15)","decl":{"start":{"line":17,"column":95},"end":{"line":17,"column":102}},"loc":{"start":{"line":17,"column":157},"end":{"line":32,"column":10}}},"3":{"name":"(anonymous_16)","decl":{"start":{"line":17,"column":157},"end":{"line":17,"column":null}},"loc":{"start":{"line":17,"column":157},"end":{"line":32,"column":10}}},"4":{"name":"(anonymous_18)","decl":{"start":{"line":35,"column":35},"end":{"line":35,"column":42}},"loc":{"start":{"line":35,"column":97},"end":{"line":47,"column":10}}},"5":{"name":"(anonymous_19)","decl":{"start":{"line":35,"column":97},"end":{"line":35,"column":null}},"loc":{"start":{"line":35,"column":97},"end":{"line":47,"column":10}}},"6":{"name":"(anonymous_21)","decl":{"start":{"line":50,"column":42},"end":{"line":50,"column":49}},"loc":{"start":{"line":50,"column":104},"end":{"line":64,"column":10}}},"7":{"name":"(anonymous_22)","decl":{"start":{"line":50,"column":104},"end":{"line":50,"column":null}},"loc":{"start":{"line":50,"column":104},"end":{"line":64,"column":10}}},"8":{"name":"(anonymous_24)","decl":{"start":{"line":71,"column":39},"end":{"line":71,"column":46}},"loc":{"start":{"line":71,"column":101},"end":{"line":83,"column":10}}},"9":{"name":"(anonymous_25)","decl":{"start":{"line":71,"column":101},"end":{"line":71,"column":null}},"loc":{"start":{"line":71,"column":101},"end":{"line":83,"column":10}}},"10":{"name":"(anonymous_27)","decl":{"start":{"line":86,"column":93},"end":{"line":86,"column":100}},"loc":{"start":{"line":86,"column":150},"end":{"line":105,"column":14}}},"11":{"name":"(anonymous_28)","decl":{"start":{"line":86,"column":150},"end":{"line":86,"column":null}},"loc":{"start":{"line":86,"column":150},"end":{"line":105,"column":14}}},"12":{"name":"(anonymous_30)","decl":{"start":{"line":108,"column":47},"end":{"line":108,"column":54}},"loc":{"start":{"line":108,"column":104},"end":{"line":122,"column":18}}},"13":{"name":"(anonymous_31)","decl":{"start":{"line":108,"column":104},"end":{"line":108,"column":null}},"loc":{"start":{"line":108,"column":104},"end":{"line":122,"column":18}}}},"branchMap":{},"s":{"0":1,"1":1,"2":1,"3":1,"4":1,"5":1,"6":1,"7":1,"8":1,"9":1,"10":0,"11":0,"12":0,"13":0,"14":0,"15":0,"16":1,"17":0,"18":0,"19":0,"20":0,"21":0,"22":0,"23":1,"24":0,"25":0,"26":0,"27":0,"28":0,"29":0,"30":1,"31":0,"32":0,"33":0,"34":0,"35":0,"36":0,"37":1,"38":0,"39":0,"40":0,"41":0,"42":0,"43":0,"44":0,"45":1,"46":0,"47":0,"48":0,"49":0,"50":0,"51":0,"52":1,"53":1},"f":{"0":1,"1":1,"2":0,"3":0,"4":0,"5":0,"6":0,"7":0,"8":0,"9":0,"10":0,"11":0,"12":0,"13":0},"b":{}}
,"/home/abdul/Documents/Abdul-Qaiyyum/src/ApiCitySchema.ts": {"path":"/home/abdul/Documents/Abdul-Qaiyyum/src/ApiCitySchema.ts","statementMap":{"0":{"start":{"line":1,"column":0},"end":{"line":1,"column":40}},"1":{"start":{"line":3,"column":0},"end":{"line":3,"column":53}},"2":{"start":{"line":5,"column":0},"end":{"line":5,"column":13}},"3":{"start":{"line":7,"column":11},"end":{"line":14,"column":null}},"4":{"start":{"line":8,"column":8},"end":{"line":13,"column":null}},"5":{"start":{"line":16,"column":11},"end":{"line":21,"column":null}},"6":{"start":{"line":17,"column":8},"end":{"line":20,"column":null}},"7":{"start":{"line":24,"column":11},"end":{"line":30,"column":null}},"8":{"start":{"line":25,"column":8},"end":{"line":29,"column":null}},"9":{"start":{"line":32,"column":11},"end":{"line":41,"column":null}},"10":{"start":{"line":33,"column":23},"end":{"line":33,"column":44}},"11":{"start":{"line":34,"column":12},"end":{"line":39,"column":20}},"12":{"start":{"line":35,"column":16},"end":{"line":35,"column":65}},"13":{"start":{"line":39,"column":13},"end":{"line":39,"column":20}},"14":{"start":{"line":42,"column":0},"end":{"line":42,"column":null}},"15":{"start":{"line":5,"column":13},"end":{"line":5,"column":26}}},"fnMap":{"0":{"name":"(anonymous_0)","decl":{"start":{"line":5,"column":0},"end":{"line":5,"column":13}},"loc":{"start":{"line":5,"column":0},"end":{"line":42,"column":null}}},"1":{"name":"(anonymous_2)","decl":{"start":{"line":7,"column":4},"end":{"line":7,"column":11}},"loc":{"start":{"line":7,"column":4},"end":{"line":14,"column":5}}},"2":{"name":"(anonymous_3)","decl":{"start":{"line":16,"column":4},"end":{"line":16,"column":11}},"loc":{"start":{"line":16,"column":4},"end":{"line":21,"column":5}}},"3":{"name":"(anonymous_4)","decl":{"start":{"line":24,"column":4},"end":{"line":24,"column":11}},"loc":{"start":{"line":24,"column":4},"end":{"line":30,"column":5}}},"4":{"name":"(anonymous_5)","decl":{"start":{"line":32,"column":4},"end":{"line":32,"column":11}},"loc":{"start":{"line":32,"column":62},"end":{"line":41,"column":5}}}},"branchMap":{"0":{"loc":{"start":{"line":34,"column":12},"end":{"line":39,"column":20}},"type":"if","locations":[{"start":{"line":34,"column":12},"end":{"line":39,"column":20}},{"start":{"line":34,"column":12},"end":{"line":39,"column":20}}]}},"s":{"0":1,"1":1,"2":1,"3":1,"4":1,"5":1,"6":0,"7":1,"8":1,"9":1,"10":0,"11":0,"12":0,"13":0,"14":1,"15":1},"f":{"0":1,"1":1,"2":0,"3":1,"4":0},"b":{"0":[0,0]}}
,"/home/abdul/Documents/Abdul-Qaiyyum/src/ApiCountryRouter.ts": {"path":"/home/abdul/Documents/Abdul-Qaiyyum/src/ApiCountryRouter.ts","statementMap":{"0":{"start":{"line":1,"column":0},"end":{"line":1,"column":34}},"1":{"start":{"line":2,"column":0},"end":{"line":2,"column":37}},"2":{"start":{"line":3,"column":0},"end":{"line":3,"column":47}},"3":{"start":{"line":5,"column":20},"end":{"line":5,"column":36}},"4":{"start":{"line":7,"column":0},"end":{"line":7,"column":34}},"5":{"start":{"line":8,"column":0},"end":{"line":8,"column":41}},"6":{"start":{"line":9,"column":0},"end":{"line":9,"column":50}},"7":{"start":{"line":14,"column":0},"end":{"line":14,"column":null}},"8":{"start":{"line":17,"column":4},"end":{"line":17,"column":null}},"9":{"start":{"line":18,"column":8},"end":{"line":18,"column":null}},"10":{"start":{"line":19,"column":8},"end":{"line":36,"column":11}},"11":{"start":{"line":19,"column":163},"end":{"line":36,"column":10}},"12":{"start":{"line":22,"column":34},"end":{"line":26,"column":null}},"13":{"start":{"line":22,"column":22},"end":{"line":26,"column":null}},"14":{"start":{"line":27,"column":16},"end":{"line":27,"column":null}},"15":{"start":{"line":30,"column":16},"end":{"line":30,"column":68}},"16":{"start":{"line":31,"column":16},"end":{"line":31,"column":null}},"17":{"start":{"line":43,"column":8},"end":{"line":58,"column":11}},"18":{"start":{"line":43,"column":103},"end":{"line":58,"column":10}},"19":{"start":{"line":48,"column":34},"end":{"line":51,"column":null}},"20":{"start":{"line":48,"column":22},"end":{"line":51,"column":null}},"21":{"start":{"line":52,"column":16},"end":{"line":52,"column":null}},"22":{"start":{"line":55,"column":16},"end":{"line":55,"column":68}},"23":{"start":{"line":56,"column":16},"end":{"line":56,"column":null}},"24":{"start":{"line":61,"column":8},"end":{"line":83,"column":11}},"25":{"start":{"line":61,"column":110},"end":{"line":83,"column":10}},"26":{"start":{"line":67,"column":34},"end":{"line":71,"column":null}},"27":{"start":{"line":67,"column":22},"end":{"line":71,"column":null}},"28":{"start":{"line":73,"column":16},"end":{"line":77,"column":null}},"29":{"start":{"line":74,"column":20},"end":{"line":74,"column":32}},"30":{"start":{"line":76,"column":20},"end":{"line":76,"column":33}},"31":{"start":{"line":80,"column":16},"end":{"line":80,"column":68}},"32":{"start":{"line":81,"column":16},"end":{"line":81,"column":null}},"33":{"start":{"line":90,"column":8},"end":{"line":102,"column":11}},"34":{"start":{"line":90,"column":107},"end":{"line":102,"column":10}},"35":{"start":{"line":92,"column":33},"end":{"line":95,"column":null}},"36":{"start":{"line":92,"column":22},"end":{"line":95,"column":null}},"37":{"start":{"line":96,"column":16},"end":{"line":96,"column":null}},"38":{"start":{"line":99,"column":16},"end":{"line":99,"column":68}},"39":{"start":{"line":100,"column":16},"end":{"line":100,"column":null}},"40":{"start":{"line":108,"column":8},"end":{"line":127,"column":15}},"41":{"start":{"line":108,"column":159},"end":{"line":127,"column":14}},"42":{"start":{"line":110,"column":20},"end":{"line":114,"column":null}},"43":{"start":{"line":115,"column":33},"end":{"line":120,"column":null}},"44":{"start":{"line":115,"column":22},"end":{"line":120,"column":null}},"45":{"start":{"line":121,"column":16},"end":{"line":121,"column":null}},"46":{"start":{"line":124,"column":16},"end":{"line":124,"column":68}},"47":{"start":{"line":125,"column":16},"end":{"line":125,"column":null}},"48":{"start":{"line":130,"column":12},"end":{"line":148,"column":19}},"49":{"start":{"line":130,"column":102},"end":{"line":148,"column":18}},"50":{"start":{"line":134,"column":37},"end":{"line":141,"column":null}},"51":{"start":{"line":134,"column":26},"end":{"line":141,"column":null}},"52":{"start":{"line":142,"column":20},"end":{"line":142,"column":null}},"53":{"start":{"line":145,"column":20},"end":{"line":145,"column":72}},"54":{"start":{"line":146,"column":20},"end":{"line":146,"column":null}},"55":{"start":{"line":151,"column":12},"end":{"line":165,"column":19}},"56":{"start":{"line":151,"column":110},"end":{"line":165,"column":18}},"57":{"start":{"line":154,"column":37},"end":{"line":158,"column":null}},"58":{"start":{"line":154,"column":26},"end":{"line":158,"column":null}},"59":{"start":{"line":159,"column":20},"end":{"line":159,"column":null}},"60":{"start":{"line":162,"column":20},"end":{"line":162,"column":72}},"61":{"start":{"line":163,"column":20},"end":{"line":163,"column":null}},"62":{"start":{"line":172,"column":4},"end":{"line":172,"column":null}},"63":{"start":{"line":185,"column":9},"end":{"line":185,"column":16}}},"fnMap":{"0":{"name":"(anonymous_13)","decl":{"start":{"line":14,"column":0},"end":{"line":14,"column":null}},"loc":{"start":{"line":14,"column":0},"end":{"line":172,"column":null}}},"1":{"name":"Country","decl":{"start":{"line":17,"column":4},"end":{"line":17,"column":null}},"loc":{"start":{"line":17,"column":4},"end":{"line":166,"column":17}}},"2":{"name":"(anonymous_15)","decl":{"start":{"line":19,"column":101},"end":{"line":19,"column":108}},"loc":{"start":{"line":19,"column":163},"end":{"line":36,"column":10}}},"3":{"name":"(anonymous_16)","decl":{"start":{"line":19,"column":163},"end":{"line":19,"column":null}},"loc":{"start":{"line":19,"column":163},"end":{"line":36,"column":10}}},"4":{"name":"(anonymous_18)","decl":{"start":{"line":43,"column":41},"end":{"line":43,"column":48}},"loc":{"start":{"line":43,"column":103},"end":{"line":58,"column":10}}},"5":{"name":"(anonymous_19)","decl":{"start":{"line":43,"column":103},"end":{"line":43,"column":null}},"loc":{"start":{"line":43,"column":103},"end":{"line":58,"column":10}}},"6":{"name":"(anonymous_21)","decl":{"start":{"line":61,"column":48},"end":{"line":61,"column":55}},"loc":{"start":{"line":61,"column":110},"end":{"line":83,"column":10}}},"7":{"name":"(anonymous_22)","decl":{"start":{"line":61,"column":110},"end":{"line":61,"column":null}},"loc":{"start":{"line":61,"column":110},"end":{"line":83,"column":10}}},"8":{"name":"(anonymous_24)","decl":{"start":{"line":90,"column":45},"end":{"line":90,"column":52}},"loc":{"start":{"line":90,"column":107},"end":{"line":102,"column":10}}},"9":{"name":"(anonymous_25)","decl":{"start":{"line":90,"column":107},"end":{"line":90,"column":null}},"loc":{"start":{"line":90,"column":107},"end":{"line":102,"column":10}}},"10":{"name":"(anonymous_27)","decl":{"start":{"line":108,"column":102},"end":{"line":108,"column":109}},"loc":{"start":{"line":108,"column":159},"end":{"line":127,"column":14}}},"11":{"name":"(anonymous_28)","decl":{"start":{"line":108,"column":159},"end":{"line":108,"column":null}},"loc":{"start":{"line":108,"column":159},"end":{"line":127,"column":14}}},"12":{"name":"(anonymous_30)","decl":{"start":{"line":130,"column":45},"end":{"line":130,"column":52}},"loc":{"start":{"line":130,"column":102},"end":{"line":148,"column":18}}},"13":{"name":"(anonymous_31)","decl":{"start":{"line":130,"column":102},"end":{"line":130,"column":null}},"loc":{"start":{"line":130,"column":102},"end":{"line":148,"column":18}}},"14":{"name":"(anonymous_33)","decl":{"start":{"line":151,"column":53},"end":{"line":151,"column":60}},"loc":{"start":{"line":151,"column":110},"end":{"line":165,"column":18}}},"15":{"name":"(anonymous_34)","decl":{"start":{"line":151,"column":110},"end":{"line":151,"column":null}},"loc":{"start":{"line":151,"column":110},"end":{"line":165,"column":18}}}},"branchMap":{"0":{"loc":{"start":{"line":73,"column":16},"end":{"line":77,"column":null}},"type":"if","locations":[{"start":{"line":73,"column":16},"end":{"line":77,"column":null}},{"start":{"line":73,"column":16},"end":{"line":77,"column":null}}]}},"s":{"0":1,"1":1,"2":1,"3":1,"4":1,"5":1,"6":1,"7":1,"8":1,"9":1,"10":1,"11":0,"12":0,"13":0,"14":0,"15":0,"16":0,"17":1,"18":0,"19":0,"20":0,"21":0,"22":0,"23":0,"24":1,"25":0,"26":0,"27":0,"28":0,"29":0,"30":0,"31":0,"32":0,"33":1,"34":0,"35":0,"36":0,"37":0,"38":0,"39":0,"40":1,"41":0,"42":0,"43":0,"44":0,"45":0,"46":0,"47":0,"48":1,"49":0,"50":0,"51":0,"52":0,"53":0,"54":0,"55":1,"56":0,"57":0,"58":0,"59":0,"60":0,"61":0,"62":1,"63":1},"f":{"0":1,"1":1,"2":0,"3":0,"4":0,"5":0,"6":0,"7":0,"8":0,"9":0,"10":0,"11":0,"12":0,"13":0,"14":0,"15":0},"b":{"0":[0,0]}}
,"/home/abdul/Documents/Abdul-Qaiyyum/src/ApiCountrySchema.ts": {"path":"/home/abdul/Documents/Abdul-Qaiyyum/src/ApiCountrySchema.ts","statementMap":{"0":{"start":{"line":1,"column":0},"end":{"line":1,"column":40}},"1":{"start":{"line":3,"column":0},"end":{"line":3,"column":53}},"2":{"start":{"line":5,"column":0},"end":{"line":5,"column":13}},"3":{"start":{"line":7,"column":11},"end":{"line":14,"column":null}},"4":{"start":{"line":8,"column":8},"end":{"line":13,"column":null}},"5":{"start":{"line":16,"column":11},"end":{"line":21,"column":null}},"6":{"start":{"line":17,"column":8},"end":{"line":20,"column":null}},"7":{"start":{"line":24,"column":11},"end":{"line":30,"column":null}},"8":{"start":{"line":25,"column":8},"end":{"line":29,"column":null}},"9":{"start":{"line":32,"column":11},"end":{"line":41,"column":null}},"10":{"start":{"line":33,"column":23},"end":{"line":33,"column":44}},"11":{"start":{"line":34,"column":12},"end":{"line":39,"column":20}},"12":{"start":{"line":35,"column":16},"end":{"line":35,"column":65}},"13":{"start":{"line":39,"column":13},"end":{"line":39,"column":20}},"14":{"start":{"line":42,"column":0},"end":{"line":42,"column":null}},"15":{"start":{"line":5,"column":13},"end":{"line":5,"column":26}}},"fnMap":{"0":{"name":"(anonymous_0)","decl":{"start":{"line":5,"column":0},"end":{"line":5,"column":13}},"loc":{"start":{"line":5,"column":0},"end":{"line":42,"column":null}}},"1":{"name":"(anonymous_2)","decl":{"start":{"line":7,"column":4},"end":{"line":7,"column":11}},"loc":{"start":{"line":7,"column":4},"end":{"line":14,"column":5}}},"2":{"name":"(anonymous_3)","decl":{"start":{"line":16,"column":4},"end":{"line":16,"column":11}},"loc":{"start":{"line":16,"column":4},"end":{"line":21,"column":5}}},"3":{"name":"(anonymous_4)","decl":{"start":{"line":24,"column":4},"end":{"line":24,"column":11}},"loc":{"start":{"line":24,"column":4},"end":{"line":30,"column":5}}},"4":{"name":"(anonymous_5)","decl":{"start":{"line":32,"column":4},"end":{"line":32,"column":11}},"loc":{"start":{"line":32,"column":62},"end":{"line":41,"column":5}}}},"branchMap":{"0":{"loc":{"start":{"line":34,"column":12},"end":{"line":39,"column":20}},"type":"if","locations":[{"start":{"line":34,"column":12},"end":{"line":39,"column":20}},{"start":{"line":34,"column":12},"end":{"line":39,"column":20}}]}},"s":{"0":1,"1":1,"2":1,"3":1,"4":2,"5":1,"6":0,"7":1,"8":0,"9":1,"10":0,"11":0,"12":0,"13":0,"14":1,"15":1},"f":{"0":1,"1":2,"2":0,"3":0,"4":0},"b":{"0":[0,0]}}
,"/home/abdul/Documents/Abdul-Qaiyyum/src/ApiLoginSchema.ts": {"path":"/home/abdul/Documents/Abdul-Qaiyyum/src/ApiLoginSchema.ts","statementMap":{"0":{"start":{"line":2,"column":0},"end":{"line":2,"column":59}},"1":{"start":{"line":3,"column":0},"end":{"line":3,"column":13}},"2":{"start":{"line":4,"column":11},"end":{"line":13,"column":null}},"3":{"start":{"line":5,"column":8},"end":{"line":12,"column":null}},"4":{"start":{"line":15,"column":11},"end":{"line":21,"column":null}},"5":{"start":{"line":16,"column":8},"end":{"line":20,"column":null}},"6":{"start":{"line":25,"column":11},"end":{"line":29,"column":null}},"7":{"start":{"line":26,"column":8},"end":{"line":28,"column":null}},"8":{"start":{"line":33,"column":11},"end":{"line":41,"column":null}},"9":{"start":{"line":34,"column":23},"end":{"line":34,"column":44}},"10":{"start":{"line":35,"column":12},"end":{"line":39,"column":20}},"11":{"start":{"line":36,"column":16},"end":{"line":36,"column":65}},"12":{"start":{"line":39,"column":13},"end":{"line":39,"column":20}},"13":{"start":{"line":42,"column":0},"end":{"line":42,"column":null}},"14":{"start":{"line":3,"column":13},"end":{"line":3,"column":22}}},"fnMap":{"0":{"name":"(anonymous_0)","decl":{"start":{"line":3,"column":0},"end":{"line":3,"column":13}},"loc":{"start":{"line":3,"column":0},"end":{"line":42,"column":null}}},"1":{"name":"(anonymous_2)","decl":{"start":{"line":4,"column":4},"end":{"line":4,"column":11}},"loc":{"start":{"line":4,"column":4},"end":{"line":13,"column":5}}},"2":{"name":"(anonymous_3)","decl":{"start":{"line":15,"column":4},"end":{"line":15,"column":11}},"loc":{"start":{"line":15,"column":4},"end":{"line":21,"column":5}}},"3":{"name":"(anonymous_4)","decl":{"start":{"line":25,"column":4},"end":{"line":25,"column":11}},"loc":{"start":{"line":25,"column":4},"end":{"line":29,"column":5}}},"4":{"name":"(anonymous_5)","decl":{"start":{"line":33,"column":4},"end":{"line":33,"column":11}},"loc":{"start":{"line":33,"column":61},"end":{"line":41,"column":5}}}},"branchMap":{"0":{"loc":{"start":{"line":35,"column":12},"end":{"line":39,"column":20}},"type":"if","locations":[{"start":{"line":35,"column":12},"end":{"line":39,"column":20}},{"start":{"line":35,"column":12},"end":{"line":39,"column":20}}]}},"s":{"0":1,"1":1,"2":1,"3":1,"4":1,"5":2,"6":1,"7":1,"8":1,"9":4,"10":4,"11":1,"12":3,"13":1,"14":1},"f":{"0":1,"1":1,"2":2,"3":1,"4":4},"b":{"0":[1,3]}}
,"/home/abdul/Documents/Abdul-Qaiyyum/src/ApiLoginSignup.ts": {"path":"/home/abdul/Documents/Abdul-Qaiyyum/src/ApiLoginSignup.ts","statementMap":{"0":{"start":{"line":1,"column":0},"end":{"line":1,"column":34}},"1":{"start":{"line":2,"column":22},"end":{"line":2,"column":38}},"2":{"start":{"line":3,"column":0},"end":{"line":3,"column":38}},"3":{"start":{"line":5,"column":0},"end":{"line":5,"column":45}},"4":{"start":{"line":6,"column":0},"end":{"line":6,"column":32}},"5":{"start":{"line":8,"column":0},"end":{"line":8,"column":36}},"6":{"start":{"line":10,"column":0},"end":{"line":10,"column":35}},"7":{"start":{"line":12,"column":0},"end":{"line":12,"column":13}},"8":{"start":{"line":14,"column":4},"end":{"line":14,"column":null}},"9":{"start":{"line":15,"column":8},"end":{"line":15,"column":40}},"10":{"start":{"line":17,"column":8},"end":{"line":39,"column":null}},"11":{"start":{"line":17,"column":118},"end":{"line":39,"column":10}},"12":{"start":{"line":20,"column":29},"end":{"line":20,"column":null}},"13":{"start":{"line":20,"column":22},"end":{"line":20,"column":null}},"14":{"start":{"line":21,"column":15},"end":{"line":21,"column":24}},"15":{"start":{"line":21,"column":34},"end":{"line":21,"column":null}},"16":{"start":{"line":21,"column":15},"end":{"line":21,"column":null}},"17":{"start":{"line":24,"column":28},"end":{"line":28,"column":null}},"18":{"start":{"line":24,"column":22},"end":{"line":28,"column":null}},"19":{"start":{"line":30,"column":15},"end":{"line":30,"column":null}},"20":{"start":{"line":34,"column":16},"end":{"line":34,"column":null}},"21":{"start":{"line":35,"column":16},"end":{"line":35,"column":null}},"22":{"start":{"line":41,"column":8},"end":{"line":59,"column":15}},"23":{"start":{"line":41,"column":100},"end":{"line":59,"column":14}},"24":{"start":{"line":45,"column":33},"end":{"line":52,"column":null}},"25":{"start":{"line":45,"column":22},"end":{"line":52,"column":null}},"26":{"start":{"line":53,"column":16},"end":{"line":53,"column":null}},"27":{"start":{"line":56,"column":16},"end":{"line":56,"column":68}},"28":{"start":{"line":57,"column":16},"end":{"line":57,"column":null}},"29":{"start":{"line":63,"column":8},"end":{"line":82,"column":11}},"30":{"start":{"line":63,"column":121},"end":{"line":82,"column":10}},"31":{"start":{"line":67,"column":34},"end":{"line":71,"column":null}},"32":{"start":{"line":67,"column":22},"end":{"line":71,"column":null}},"33":{"start":{"line":72,"column":16},"end":{"line":77,"column":null}},"34":{"start":{"line":73,"column":26},"end":{"line":73,"column":85}},"35":{"start":{"line":74,"column":20},"end":{"line":74,"column":null}},"36":{"start":{"line":75,"column":20},"end":{"line":75,"column":39}},"37":{"start":{"line":77,"column":20},"end":{"line":77,"column":null}},"38":{"start":{"line":80,"column":16},"end":{"line":80,"column":68}},"39":{"start":{"line":84,"column":8},"end":{"line":108,"column":11}},"40":{"start":{"line":84,"column":73},"end":{"line":108,"column":10}},"41":{"start":{"line":88,"column":34},"end":{"line":92,"column":null}},"42":{"start":{"line":88,"column":22},"end":{"line":92,"column":null}},"43":{"start":{"line":93,"column":16},"end":{"line":103,"column":null}},"44":{"start":{"line":95,"column":17},"end":{"line":100,"column":null}},"45":{"start":{"line":97,"column":38},"end":{"line":97,"column":88}},"46":{"start":{"line":98,"column":24},"end":{"line":98,"column":null}},"47":{"start":{"line":99,"column":24},"end":{"line":99,"column":43}},"48":{"start":{"line":101,"column":20},"end":{"line":101,"column":null}},"49":{"start":{"line":103,"column":20},"end":{"line":103,"column":null}},"50":{"start":{"line":106,"column":16},"end":{"line":106,"column":68}},"51":{"start":{"line":117,"column":8},"end":{"line":135,"column":11}},"52":{"start":{"line":117,"column":119},"end":{"line":135,"column":10}},"53":{"start":{"line":119,"column":34},"end":{"line":123,"column":null}},"54":{"start":{"line":119,"column":22},"end":{"line":123,"column":null}},"55":{"start":{"line":124,"column":16},"end":{"line":130,"column":null}},"56":{"start":{"line":125,"column":26},"end":{"line":125,"column":85}},"57":{"start":{"line":126,"column":20},"end":{"line":126,"column":null}},"58":{"start":{"line":127,"column":20},"end":{"line":127,"column":39}},"59":{"start":{"line":129,"column":20},"end":{"line":129,"column":null}},"60":{"start":{"line":133,"column":16},"end":{"line":133,"column":68}},"61":{"start":{"line":137,"column":8},"end":{"line":155,"column":null}},"62":{"start":{"line":138,"column":40},"end":{"line":155,"column":10}},"63":{"start":{"line":140,"column":20},"end":{"line":144,"column":18}},"64":{"start":{"line":145,"column":22},"end":{"line":149,"column":null}},"65":{"start":{"line":150,"column":29},"end":{"line":150,"column":null}},"66":{"start":{"line":150,"column":22},"end":{"line":150,"column":null}},"67":{"start":{"line":151,"column":16},"end":{"line":151,"column":31}},"68":{"start":{"line":153,"column":16},"end":{"line":153,"column":64}},"69":{"start":{"line":158,"column":0},"end":{"line":158,"column":null}},"70":{"start":{"line":12,"column":13},"end":{"line":12,"column":27}}},"fnMap":{"0":{"name":"(anonymous_13)","decl":{"start":{"line":12,"column":0},"end":{"line":12,"column":13}},"loc":{"start":{"line":12,"column":0},"end":{"line":158,"column":null}}},"1":{"name":"ApiLoginSignup","decl":{"start":{"line":14,"column":4},"end":{"line":14,"column":null}},"loc":{"start":{"line":14,"column":4},"end":{"line":157,"column":5}}},"2":{"name":"(anonymous_15)","decl":{"start":{"line":17,"column":88},"end":{"line":17,"column":94}},"loc":{"start":{"line":17,"column":118},"end":{"line":39,"column":10}}},"3":{"name":"(anonymous_16)","decl":{"start":{"line":17,"column":118},"end":{"line":17,"column":null}},"loc":{"start":{"line":17,"column":118},"end":{"line":39,"column":10}}},"4":{"name":"(anonymous_18)","decl":{"start":{"line":41,"column":43},"end":{"line":41,"column":50}},"loc":{"start":{"line":41,"column":100},"end":{"line":59,"column":14}}},"5":{"name":"(anonymous_19)","decl":{"start":{"line":41,"column":100},"end":{"line":41,"column":null}},"loc":{"start":{"line":41,"column":100},"end":{"line":59,"column":14}}},"6":{"name":"(anonymous_21)","decl":{"start":{"line":63,"column":87},"end":{"line":63,"column":94}},"loc":{"start":{"line":63,"column":121},"end":{"line":82,"column":10}}},"7":{"name":"(anonymous_22)","decl":{"start":{"line":63,"column":121},"end":{"line":63,"column":null}},"loc":{"start":{"line":63,"column":121},"end":{"line":82,"column":10}}},"8":{"name":"(anonymous_24)","decl":{"start":{"line":84,"column":39},"end":{"line":84,"column":46}},"loc":{"start":{"line":84,"column":73},"end":{"line":108,"column":10}}},"9":{"name":"(anonymous_25)","decl":{"start":{"line":84,"column":73},"end":{"line":84,"column":null}},"loc":{"start":{"line":84,"column":73},"end":{"line":108,"column":10}}},"10":{"name":"(anonymous_27)","decl":{"start":{"line":96,"column":24},"end":{"line":96,"column":25}},"loc":{"start":{"line":96,"column":30},"end":{"line":100,"column":21}}},"11":{"name":"(anonymous_28)","decl":{"start":{"line":117,"column":85},"end":{"line":117,"column":92}},"loc":{"start":{"line":117,"column":119},"end":{"line":135,"column":10}}},"12":{"name":"(anonymous_29)","decl":{"start":{"line":117,"column":119},"end":{"line":117,"column":null}},"loc":{"start":{"line":117,"column":119},"end":{"line":135,"column":10}}},"13":{"name":"(anonymous_31)","decl":{"start":{"line":138,"column":8},"end":{"line":138,"column":15}},"loc":{"start":{"line":138,"column":40},"end":{"line":155,"column":10}}},"14":{"name":"(anonymous_32)","decl":{"start":{"line":138,"column":40},"end":{"line":138,"column":null}},"loc":{"start":{"line":138,"column":40},"end":{"line":155,"column":10}}}},"branchMap":{"0":{"loc":{"start":{"line":72,"column":16},"end":{"line":77,"column":null}},"type":"if","locations":[{"start":{"line":72,"column":16},"end":{"line":77,"column":null}},{"start":{"line":72,"column":16},"end":{"line":77,"column":null}}]},"1":{"loc":{"start":{"line":93,"column":16},"end":{"line":103,"column":null}},"type":"if","locations":[{"start":{"line":93,"column":16},"end":{"line":103,"column":null}},{"start":{"line":93,"column":16},"end":{"line":103,"column":null}}]},"2":{"loc":{"start":{"line":124,"column":16},"end":{"line":130,"column":null}},"type":"if","locations":[{"start":{"line":124,"column":16},"end":{"line":130,"column":null}},{"start":{"line":124,"column":16},"end":{"line":130,"column":null}}]}},"s":{"0":1,"1":1,"2":1,"3":1,"4":1,"5":1,"6":1,"7":1,"8":1,"9":1,"10":1,"11":1,"12":1,"13":1,"14":1,"15":1,"16":1,"17":1,"18":0,"19":0,"20":0,"21":0,"22":1,"23":1,"24":1,"25":0,"26":0,"27":0,"28":0,"29":1,"30":2,"31":2,"32":0,"33":0,"34":0,"35":0,"36":0,"37":0,"38":0,"39":1,"40":0,"41":0,"42":0,"43":0,"44":0,"45":0,"46":0,"47":0,"48":0,"49":0,"50":0,"51":1,"52":0,"53":0,"54":0,"55":0,"56":0,"57":0,"58":0,"59":0,"60":0,"61":1,"62":0,"63":0,"64":0,"65":0,"66":0,"67":0,"68":0,"69":1,"70":1},"f":{"0":1,"1":1,"2":1,"3":1,"4":1,"5":1,"6":2,"7":2,"8":0,"9":0,"10":0,"11":0,"12":0,"13":0,"14":0},"b":{"0":[0,0],"1":[0,0],"2":[0,0]}}
,"/home/abdul/Documents/Abdul-Qaiyyum/src/ApiStateRouter.ts": {"path":"/home/abdul/Documents/Abdul-Qaiyyum/src/ApiStateRouter.ts","statementMap":{"0":{"start":{"line":1,"column":0},"end":{"line":1,"column":34}},"1":{"start":{"line":2,"column":0},"end":{"line":2,"column":37}},"2":{"start":{"line":5,"column":13},"end":{"line":5,"column":29}},"3":{"start":{"line":7,"column":0},"end":{"line":7,"column":34}},"4":{"start":{"line":8,"column":0},"end":{"line":8,"column":41}},"5":{"start":{"line":10,"column":0},"end":{"line":10,"column":46}},"6":{"start":{"line":15,"column":0},"end":{"line":15,"column":null}},"7":{"start":{"line":18,"column":4},"end":{"line":18,"column":null}},"8":{"start":{"line":19,"column":8},"end":{"line":19,"column":null}},"9":{"start":{"line":20,"column":8},"end":{"line":35,"column":11}},"10":{"start":{"line":20,"column":153},"end":{"line":35,"column":10}},"11":{"start":{"line":24,"column":34},"end":{"line":28,"column":null}},"12":{"start":{"line":24,"column":22},"end":{"line":28,"column":null}},"13":{"start":{"line":29,"column":16},"end":{"line":29,"column":null}},"14":{"start":{"line":32,"column":16},"end":{"line":32,"column":68}},"15":{"start":{"line":33,"column":16},"end":{"line":33,"column":null}},"16":{"start":{"line":38,"column":8},"end":{"line":59,"column":11}},"17":{"start":{"line":38,"column":99},"end":{"line":59,"column":10}},"18":{"start":{"line":43,"column":34},"end":{"line":47,"column":null}},"19":{"start":{"line":43,"column":22},"end":{"line":47,"column":null}},"20":{"start":{"line":48,"column":16},"end":{"line":53,"column":null}},"21":{"start":{"line":49,"column":20},"end":{"line":49,"column":null}},"22":{"start":{"line":52,"column":20},"end":{"line":52,"column":33}},"23":{"start":{"line":56,"column":16},"end":{"line":56,"column":68}},"24":{"start":{"line":57,"column":16},"end":{"line":57,"column":null}},"25":{"start":{"line":66,"column":8},"end":{"line":81,"column":11}},"26":{"start":{"line":66,"column":106},"end":{"line":81,"column":10}},"27":{"start":{"line":71,"column":34},"end":{"line":74,"column":null}},"28":{"start":{"line":71,"column":22},"end":{"line":74,"column":null}},"29":{"start":{"line":75,"column":16},"end":{"line":75,"column":null}},"30":{"start":{"line":78,"column":16},"end":{"line":78,"column":68}},"31":{"start":{"line":79,"column":16},"end":{"line":79,"column":null}},"32":{"start":{"line":88,"column":8},"end":{"line":100,"column":11}},"33":{"start":{"line":88,"column":103},"end":{"line":100,"column":10}},"34":{"start":{"line":90,"column":33},"end":{"line":93,"column":null}},"35":{"start":{"line":90,"column":22},"end":{"line":93,"column":null}},"36":{"start":{"line":94,"column":16},"end":{"line":94,"column":null}},"37":{"start":{"line":97,"column":16},"end":{"line":97,"column":68}},"38":{"start":{"line":98,"column":16},"end":{"line":98,"column":null}},"39":{"start":{"line":103,"column":8},"end":{"line":122,"column":15}},"40":{"start":{"line":103,"column":149},"end":{"line":122,"column":14}},"41":{"start":{"line":105,"column":20},"end":{"line":109,"column":null}},"42":{"start":{"line":110,"column":33},"end":{"line":115,"column":null}},"43":{"start":{"line":110,"column":22},"end":{"line":115,"column":null}},"44":{"start":{"line":116,"column":16},"end":{"line":116,"column":null}},"45":{"start":{"line":119,"column":16},"end":{"line":119,"column":68}},"46":{"start":{"line":120,"column":16},"end":{"line":120,"column":null}},"47":{"start":{"line":125,"column":12},"end":{"line":139,"column":19}},"48":{"start":{"line":125,"column":106},"end":{"line":139,"column":18}},"49":{"start":{"line":128,"column":37},"end":{"line":132,"column":null}},"50":{"start":{"line":128,"column":26},"end":{"line":132,"column":null}},"51":{"start":{"line":133,"column":20},"end":{"line":133,"column":null}},"52":{"start":{"line":136,"column":20},"end":{"line":136,"column":72}},"53":{"start":{"line":137,"column":20},"end":{"line":137,"column":null}},"54":{"start":{"line":141,"column":4},"end":{"line":141,"column":null}},"55":{"start":{"line":147,"column":9},"end":{"line":147,"column":14}}},"fnMap":{"0":{"name":"(anonymous_13)","decl":{"start":{"line":15,"column":0},"end":{"line":15,"column":null}},"loc":{"start":{"line":15,"column":0},"end":{"line":141,"column":null}}},"1":{"name":"State","decl":{"start":{"line":18,"column":4},"end":{"line":18,"column":null}},"loc":{"start":{"line":18,"column":4},"end":{"line":140,"column":17}}},"2":{"name":"(anonymous_15)","decl":{"start":{"line":20,"column":91},"end":{"line":20,"column":98}},"loc":{"start":{"line":20,"column":153},"end":{"line":35,"column":10}}},"3":{"name":"(anonymous_16)","decl":{"start":{"line":20,"column":153},"end":{"line":20,"column":null}},"loc":{"start":{"line":20,"column":153},"end":{"line":35,"column":10}}},"4":{"name":"(anonymous_18)","decl":{"start":{"line":38,"column":37},"end":{"line":38,"column":44}},"loc":{"start":{"line":38,"column":99},"end":{"line":59,"column":10}}},"5":{"name":"(anonymous_19)","decl":{"start":{"line":38,"column":99},"end":{"line":38,"column":null}},"loc":{"start":{"line":38,"column":99},"end":{"line":59,"column":10}}},"6":{"name":"(anonymous_21)","decl":{"start":{"line":66,"column":44},"end":{"line":66,"column":51}},"loc":{"start":{"line":66,"column":106},"end":{"line":81,"column":10}}},"7":{"name":"(anonymous_22)","decl":{"start":{"line":66,"column":106},"end":{"line":66,"column":null}},"loc":{"start":{"line":66,"column":106},"end":{"line":81,"column":10}}},"8":{"name":"(anonymous_24)","decl":{"start":{"line":88,"column":41},"end":{"line":88,"column":48}},"loc":{"start":{"line":88,"column":103},"end":{"line":100,"column":10}}},"9":{"name":"(anonymous_25)","decl":{"start":{"line":88,"column":103},"end":{"line":88,"column":null}},"loc":{"start":{"line":88,"column":103},"end":{"line":100,"column":10}}},"10":{"name":"(anonymous_27)","decl":{"start":{"line":103,"column":92},"end":{"line":103,"column":99}},"loc":{"start":{"line":103,"column":149},"end":{"line":122,"column":14}}},"11":{"name":"(anonymous_28)","decl":{"start":{"line":103,"column":149},"end":{"line":103,"column":null}},"loc":{"start":{"line":103,"column":149},"end":{"line":122,"column":14}}},"12":{"name":"(anonymous_30)","decl":{"start":{"line":125,"column":49},"end":{"line":125,"column":56}},"loc":{"start":{"line":125,"column":106},"end":{"line":139,"column":18}}},"13":{"name":"(anonymous_31)","decl":{"start":{"line":125,"column":106},"end":{"line":125,"column":null}},"loc":{"start":{"line":125,"column":106},"end":{"line":139,"column":18}}}},"branchMap":{"0":{"loc":{"start":{"line":48,"column":16},"end":{"line":53,"column":null}},"type":"if","locations":[{"start":{"line":48,"column":16},"end":{"line":53,"column":null}},{"start":{"line":48,"column":16},"end":{"line":53,"column":null}}]}},"s":{"0":1,"1":1,"2":1,"3":1,"4":1,"5":1,"6":1,"7":1,"8":1,"9":1,"10":0,"11":0,"12":0,"13":0,"14":0,"15":0,"16":1,"17":0,"18":0,"19":0,"20":0,"21":0,"22":0,"23":0,"24":0,"25":1,"26":0,"27":0,"28":0,"29":0,"30":0,"31":0,"32":1,"33":0,"34":0,"35":0,"36":0,"37":0,"38":0,"39":1,"40":0,"41":0,"42":0,"43":0,"44":0,"45":0,"46":0,"47":1,"48":0,"49":0,"50":0,"51":0,"52":0,"53":0,"54":1,"55":1},"f":{"0":1,"1":1,"2":0,"3":0,"4":0,"5":0,"6":0,"7":0,"8":0,"9":0,"10":0,"11":0,"12":0,"13":0},"b":{"0":[0,0]}}
,"/home/abdul/Documents/Abdul-Qaiyyum/src/ApiStateSchema.ts": {"path":"/home/abdul/Documents/Abdul-Qaiyyum/src/ApiStateSchema.ts","statementMap":{"0":{"start":{"line":1,"column":0},"end":{"line":1,"column":40}},"1":{"start":{"line":3,"column":0},"end":{"line":3,"column":53}},"2":{"start":{"line":5,"column":0},"end":{"line":5,"column":13}},"3":{"start":{"line":7,"column":11},"end":{"line":14,"column":null}},"4":{"start":{"line":8,"column":8},"end":{"line":13,"column":null}},"5":{"start":{"line":16,"column":11},"end":{"line":21,"column":null}},"6":{"start":{"line":17,"column":8},"end":{"line":20,"column":null}},"7":{"start":{"line":24,"column":11},"end":{"line":30,"column":null}},"8":{"start":{"line":25,"column":8},"end":{"line":29,"column":null}},"9":{"start":{"line":32,"column":11},"end":{"line":41,"column":null}},"10":{"start":{"line":33,"column":23},"end":{"line":33,"column":44}},"11":{"start":{"line":34,"column":12},"end":{"line":39,"column":20}},"12":{"start":{"line":35,"column":16},"end":{"line":35,"column":65}},"13":{"start":{"line":39,"column":13},"end":{"line":39,"column":20}},"14":{"start":{"line":42,"column":0},"end":{"line":42,"column":null}},"15":{"start":{"line":5,"column":13},"end":{"line":5,"column":24}}},"fnMap":{"0":{"name":"(anonymous_0)","decl":{"start":{"line":5,"column":0},"end":{"line":5,"column":13}},"loc":{"start":{"line":5,"column":0},"end":{"line":42,"column":null}}},"1":{"name":"(anonymous_2)","decl":{"start":{"line":7,"column":4},"end":{"line":7,"column":11}},"loc":{"start":{"line":7,"column":4},"end":{"line":14,"column":5}}},"2":{"name":"(anonymous_3)","decl":{"start":{"line":16,"column":4},"end":{"line":16,"column":11}},"loc":{"start":{"line":16,"column":4},"end":{"line":21,"column":5}}},"3":{"name":"(anonymous_4)","decl":{"start":{"line":24,"column":4},"end":{"line":24,"column":11}},"loc":{"start":{"line":24,"column":4},"end":{"line":30,"column":5}}},"4":{"name":"(anonymous_5)","decl":{"start":{"line":32,"column":4},"end":{"line":32,"column":11}},"loc":{"start":{"line":32,"column":62},"end":{"line":41,"column":5}}}},"branchMap":{"0":{"loc":{"start":{"line":34,"column":12},"end":{"line":39,"column":20}},"type":"if","locations":[{"start":{"line":34,"column":12},"end":{"line":39,"column":20}},{"start":{"line":34,"column":12},"end":{"line":39,"column":20}}]}},"s":{"0":1,"1":1,"2":1,"3":1,"4":2,"5":1,"6":0,"7":1,"8":0,"9":1,"10":0,"11":0,"12":0,"13":0,"14":1,"15":1},"f":{"0":1,"1":2,"2":0,"3":0,"4":0},"b":{"0":[0,0]}}
,"/home/abdul/Documents/Abdul-Qaiyyum/src/Database.ts": {"path":"/home/abdul/Documents/Abdul-Qaiyyum/src/Database.ts","statementMap":{"0":{"start":{"line":1,"column":0},"end":{"line":1,"column":38}},"1":{"start":{"line":3,"column":0},"end":{"line":3,"column":null}},"2":{"start":{"line":7,"column":19},"end":{"line":7,"column":46}},"3":{"start":{"line":8,"column":8},"end":{"line":8,"column":null}},"4":{"start":{"line":9,"column":8},"end":{"line":9,"column":null}},"5":{"start":{"line":13,"column":10},"end":{"line":27,"column":null}},"6":{"start":{"line":16,"column":24},"end":{"line":16,"column":null}},"7":{"start":{"line":16,"column":18},"end":{"line":16,"column":null}},"8":{"start":{"line":17,"column":19},"end":{"line":17,"column":null}},"9":{"start":{"line":18,"column":19},"end":{"line":18,"column":null}},"10":{"start":{"line":19,"column":24},"end":{"line":19,"column":null}},"11":{"start":{"line":19,"column":18},"end":{"line":19,"column":null}},"12":{"start":{"line":20,"column":12},"end":{"line":20,"column":null}},"13":{"start":{"line":25,"column":10},"end":{"line":25,"column":null}},"14":{"start":{"line":30,"column":10},"end":{"line":40,"column":null}},"15":{"start":{"line":32,"column":25},"end":{"line":32,"column":null}},"16":{"start":{"line":32,"column":18},"end":{"line":32,"column":null}},"17":{"start":{"line":33,"column":18},"end":{"line":33,"column":null}},"18":{"start":{"line":34,"column":18},"end":{"line":34,"column":null}},"19":{"start":{"line":35,"column":25},"end":{"line":35,"column":null}},"20":{"start":{"line":35,"column":18},"end":{"line":35,"column":null}},"21":{"start":{"line":36,"column":12},"end":{"line":36,"column":24}},"22":{"start":{"line":38,"column":12},"end":{"line":38,"column":null}},"23":{"start":{"line":41,"column":12},"end":{"line":51,"column":null}},"24":{"start":{"line":43,"column":25},"end":{"line":43,"column":null}},"25":{"start":{"line":43,"column":18},"end":{"line":43,"column":null}},"26":{"start":{"line":44,"column":18},"end":{"line":44,"column":null}},"27":{"start":{"line":45,"column":18},"end":{"line":45,"column":null}},"28":{"start":{"line":46,"column":25},"end":{"line":46,"column":null}},"29":{"start":{"line":46,"column":18},"end":{"line":46,"column":null}},"30":{"start":{"line":47,"column":12},"end":{"line":47,"column":24}},"31":{"start":{"line":49,"column":12},"end":{"line":49,"column":null}},"32":{"start":{"line":53,"column":10},"end":{"line":63,"column":null}},"33":{"start":{"line":55,"column":25},"end":{"line":55,"column":null}},"34":{"start":{"line":55,"column":18},"end":{"line":55,"column":null}},"35":{"start":{"line":56,"column":18},"end":{"line":56,"column":null}},"36":{"start":{"line":57,"column":18},"end":{"line":57,"column":null}},"37":{"start":{"line":58,"column":25},"end":{"line":58,"column":null}},"38":{"start":{"line":58,"column":18},"end":{"line":58,"column":null}},"39":{"start":{"line":59,"column":12},"end":{"line":59,"column":24}},"40":{"start":{"line":61,"column":12},"end":{"line":61,"column":null}},"41":{"start":{"line":66,"column":12},"end":{"line":76,"column":null}},"42":{"start":{"line":68,"column":25},"end":{"line":68,"column":null}},"43":{"start":{"line":68,"column":18},"end":{"line":68,"column":null}},"44":{"start":{"line":69,"column":18},"end":{"line":69,"column":null}},"45":{"start":{"line":70,"column":18},"end":{"line":70,"column":null}},"46":{"start":{"line":71,"column":25},"end":{"line":71,"column":null}},"47":{"start":{"line":71,"column":18},"end":{"line":71,"column":null}},"48":{"start":{"line":72,"column":12},"end":{"line":72,"column":24}},"49":{"start":{"line":74,"column":12},"end":{"line":74,"column":null}},"50":{"start":{"line":79,"column":12},"end":{"line":90,"column":null}},"51":{"start":{"line":81,"column":23},"end":{"line":81,"column":null}},"52":{"start":{"line":81,"column":16},"end":{"line":81,"column":null}},"53":{"start":{"line":82,"column":16},"end":{"line":82,"column":null}},"54":{"start":{"line":83,"column":16},"end":{"line":83,"column":null}},"55":{"start":{"line":84,"column":23},"end":{"line":84,"column":null}},"56":{"start":{"line":84,"column":16},"end":{"line":84,"column":null}},"57":{"start":{"line":85,"column":10},"end":{"line":85,"column":22}},"58":{"start":{"line":88,"column":10},"end":{"line":88,"column":null}},"59":{"start":{"line":92,"column":4},"end":{"line":92,"column":null}},"60":{"start":{"line":94,"column":8},"end":{"line":94,"column":16}}},"fnMap":{"0":{"name":"(anonymous_13)","decl":{"start":{"line":3,"column":0},"end":{"line":3,"column":null}},"loc":{"start":{"line":3,"column":0},"end":{"line":92,"column":null}}},"1":{"name":"Database","decl":{"start":{"line":6,"column":4},"end":{"line":6,"column":null}},"loc":{"start":{"line":6,"column":4},"end":{"line":11,"column":5}}},"2":{"name":"(anonymous_15)","decl":{"start":{"line":13,"column":4},"end":{"line":13,"column":10}},"loc":{"start":{"line":13,"column":30},"end":{"line":27,"column":null}}},"3":{"name":"(anonymous_18)","decl":{"start":{"line":30,"column":4},"end":{"line":30,"column":10}},"loc":{"start":{"line":30,"column":29},"end":{"line":40,"column":null}}},"4":{"name":"(anonymous_21)","decl":{"start":{"line":41,"column":6},"end":{"line":41,"column":12}},"loc":{"start":{"line":41,"column":45},"end":{"line":51,"column":null}}},"5":{"name":"(anonymous_24)","decl":{"start":{"line":53,"column":4},"end":{"line":53,"column":10}},"loc":{"start":{"line":53,"column":39},"end":{"line":63,"column":null}}},"6":{"name":"(anonymous_27)","decl":{"start":{"line":66,"column":6},"end":{"line":66,"column":12}},"loc":{"start":{"line":66,"column":41},"end":{"line":76,"column":null}}},"7":{"name":"(anonymous_30)","decl":{"start":{"line":79,"column":6},"end":{"line":79,"column":12}},"loc":{"start":{"line":79,"column":41},"end":{"line":90,"column":null}}}},"branchMap":{},"s":{"0":1,"1":1,"2":5,"3":5,"4":5,"5":1,"6":2,"7":0,"8":0,"9":0,"10":0,"11":0,"12":0,"13":0,"14":1,"15":1,"16":0,"17":0,"18":0,"19":0,"20":0,"21":0,"22":0,"23":1,"24":0,"25":0,"26":0,"27":0,"28":0,"29":0,"30":0,"31":0,"32":1,"33":1,"34":0,"35":0,"36":0,"37":0,"38":0,"39":0,"40":0,"41":1,"42":0,"43":0,"44":0,"45":0,"46":0,"47":0,"48":0,"49":0,"50":1,"51":1,"52":0,"53":0,"54":0,"55":0,"56":0,"57":0,"58":0,"59":1,"60":1},"f":{"0":1,"1":5,"2":2,"3":1,"4":0,"5":1,"6":0,"7":1},"b":{}}
,"/home/abdul/Documents/Abdul-Qaiyyum/src/app.ts": {"path":"/home/abdul/Documents/Abdul-Qaiyyum/src/app.ts","statementMap":{"0":{"start":{"line":1,"column":0},"end":{"line":1,"column":35}},"1":{"start":{"line":3,"column":30},"end":{"line":3,"column":39}},"2":{"start":{"line":34,"column":8},"end":{"line":34,"column":11}},"3":{"start":{"line":4,"column":0},"end":{"line":4,"column":35}},"4":{"start":{"line":5,"column":0},"end":{"line":5,"column":41}},"5":{"start":{"line":6,"column":0},"end":{"line":6,"column":47}},"6":{"start":{"line":7,"column":0},"end":{"line":7,"column":44}},"7":{"start":{"line":8,"column":0},"end":{"line":8,"column":40}},"8":{"start":{"line":9,"column":0},"end":{"line":9,"column":null}},"9":{"start":{"line":10,"column":0},"end":{"line":10,"column":null}},"10":{"start":{"line":11,"column":0},"end":{"line":11,"column":28}},"11":{"start":{"line":14,"column":0},"end":{"line":28,"column":null}},"12":{"start":{"line":15,"column":4},"end":{"line":27,"column":26}},"13":{"start":{"line":16,"column":26},"end":{"line":16,"column":46}},"14":{"start":{"line":17,"column":10},"end":{"line":17,"column":null}},"15":{"start":{"line":18,"column":10},"end":{"line":26,"column":null}},"16":{"start":{"line":19,"column":16},"end":{"line":19,"column":null}},"17":{"start":{"line":21,"column":16},"end":{"line":25,"column":null}},"18":{"start":{"line":22,"column":22},"end":{"line":24,"column":null}},"19":{"start":{"line":23,"column":28},"end":{"line":23,"column":null}},"20":{"start":{"line":24,"column":27},"end":{"line":24,"column":null}},"21":{"start":{"line":30,"column":0},"end":{"line":30,"column":null}},"22":{"start":{"line":31,"column":0},"end":{"line":31,"column":null}},"23":{"start":{"line":32,"column":0},"end":{"line":32,"column":null}},"24":{"start":{"line":33,"column":0},"end":{"line":33,"column":null}}},"fnMap":{"0":{"name":"(anonymous_0)","decl":{"start":{"line":14,"column":17},"end":{"line":14,"column":18}},"loc":{"start":{"line":14,"column":30},"end":{"line":28,"column":5}}},"1":{"name":"(anonymous_1)","decl":{"start":{"line":21,"column":45},"end":{"line":21,"column":46}},"loc":{"start":{"line":21,"column":67},"end":{"line":25,"column":23}}}},"branchMap":{"0":{"loc":{"start":{"line":18,"column":10},"end":{"line":26,"column":null}},"type":"if","locations":[{"start":{"line":18,"column":10},"end":{"line":26,"column":null}},{"start":{"line":18,"column":10},"end":{"line":26,"column":null}}]},"1":{"loc":{"start":{"line":22,"column":22},"end":{"line":24,"column":null}},"type":"if","locations":[{"start":{"line":22,"column":22},"end":{"line":24,"column":null}},{"start":{"line":22,"column":22},"end":{"line":24,"column":null}}]}},"s":{"0":1,"1":1,"2":1,"3":1,"4":1,"5":1,"6":1,"7":1,"8":1,"9":1,"10":1,"11":1,"12":36,"13":36,"14":36,"15":36,"16":36,"17":0,"18":0,"19":0,"20":0,"21":1,"22":1,"23":1,"24":1},"f":{"0":36,"1":0},"b":{"0":[36,0],"1":[0,0]}}
}
