TN:
SF:/home/abdul/Documents/Abdul-Qaiyyum/src/ApiCityRouter.ts
FN:13,(anonymous_13)
FN:15,Product
FN:17,(anonymous_15)
FN:17,(anonymous_16)
FN:35,(anonymous_18)
FN:35,(anonymous_19)
FN:50,(anonymous_21)
FN:50,(anonymous_22)
FN:71,(anonymous_24)
FN:71,(anonymous_25)
FN:86,(anonymous_27)
FN:86,(anonymous_28)
FN:108,(anonymous_30)
FN:108,(anonymous_31)
FNF:14
FNH:2
FNDA:1,(anonymous_13)
FNDA:1,Product
FNDA:0,(anonymous_15)
FNDA:0,(anonymous_16)
FNDA:0,(anonymous_18)
FNDA:0,(anonymous_19)
FNDA:0,(anonymous_21)
FNDA:0,(anonymous_22)
FNDA:0,(anonymous_24)
FNDA:0,(anonymous_25)
FNDA:0,(anonymous_27)
FNDA:0,(anonymous_28)
FNDA:0,(anonymous_30)
FNDA:0,(anonymous_31)
DA:1,1
DA:2,1
DA:3,1
DA:5,1
DA:7,1
DA:8,1
DA:13,1
DA:15,1
DA:16,1
DA:17,1
DA:21,0
DA:26,0
DA:29,0
DA:30,0
DA:35,1
DA:37,0
DA:41,0
DA:44,0
DA:45,0
DA:50,1
DA:54,0
DA:58,0
DA:61,0
DA:62,0
DA:71,1
DA:73,0
DA:77,0
DA:80,0
DA:81,0
DA:86,1
DA:88,0
DA:93,0
DA:99,0
DA:102,0
DA:103,0
DA:108,1
DA:111,0
DA:116,0
DA:119,0
DA:120,0
DA:124,1
DA:137,1
LF:42
LH:17
BRF:0
BRH:0
end_of_record
TN:
SF:/home/abdul/Documents/Abdul-Qaiyyum/src/ApiCitySchema.ts
FN:5,(anonymous_0)
FN:7,(anonymous_2)
FN:16,(anonymous_3)
FN:24,(anonymous_4)
FN:32,(anonymous_5)
FNF:5
FNH:3
FNDA:1,(anonymous_0)
FNDA:1,(anonymous_2)
FNDA:0,(anonymous_3)
FNDA:1,(anonymous_4)
FNDA:0,(anonymous_5)
DA:1,1
DA:3,1
DA:5,1
DA:7,1
DA:8,1
DA:16,1
DA:17,0
DA:24,1
DA:25,1
DA:32,1
DA:33,0
DA:34,0
DA:35,0
DA:39,0
DA:42,1
LF:15
LH:10
BRDA:34,0,0,0
BRDA:34,0,1,0
BRF:2
BRH:0
end_of_record
TN:
SF:/home/abdul/Documents/Abdul-Qaiyyum/src/ApiCountryRouter.ts
FN:14,(anonymous_13)
FN:17,Country
FN:19,(anonymous_15)
FN:19,(anonymous_16)
FN:43,(anonymous_18)
FN:43,(anonymous_19)
FN:61,(anonymous_21)
FN:61,(anonymous_22)
FN:90,(anonymous_24)
FN:90,(anonymous_25)
FN:108,(anonymous_27)
FN:108,(anonymous_28)
FN:130,(anonymous_30)
FN:130,(anonymous_31)
FN:151,(anonymous_33)
FN:151,(anonymous_34)
FNF:16
FNH:2
FNDA:1,(anonymous_13)
FNDA:1,Country
FNDA:0,(anonymous_15)
FNDA:0,(anonymous_16)
FNDA:0,(anonymous_18)
FNDA:0,(anonymous_19)
FNDA:0,(anonymous_21)
FNDA:0,(anonymous_22)
FNDA:0,(anonymous_24)
FNDA:0,(anonymous_25)
FNDA:0,(anonymous_27)
FNDA:0,(anonymous_28)
FNDA:0,(anonymous_30)
FNDA:0,(anonymous_31)
FNDA:0,(anonymous_33)
FNDA:0,(anonymous_34)
DA:1,1
DA:2,1
DA:3,1
DA:5,1
DA:7,1
DA:8,1
DA:9,1
DA:14,1
DA:17,1
DA:18,1
DA:19,1
DA:22,0
DA:27,0
DA:30,0
DA:31,0
DA:43,1
DA:48,0
DA:52,0
DA:55,0
DA:56,0
DA:61,1
DA:67,0
DA:73,0
DA:74,0
DA:76,0
DA:80,0
DA:81,0
DA:90,1
DA:92,0
DA:96,0
DA:99,0
DA:100,0
DA:108,1
DA:110,0
DA:115,0
DA:121,0
DA:124,0
DA:125,0
DA:130,1
DA:134,0
DA:142,0
DA:145,0
DA:146,0
DA:151,1
DA:154,0
DA:159,0
DA:162,0
DA:163,0
DA:172,1
DA:185,1
LF:50
LH:19
BRDA:73,0,0,0
BRDA:73,0,1,0
BRF:2
BRH:0
end_of_record
TN:
SF:/home/abdul/Documents/Abdul-Qaiyyum/src/ApiCountrySchema.ts
FN:5,(anonymous_0)
FN:7,(anonymous_2)
FN:16,(anonymous_3)
FN:24,(anonymous_4)
FN:32,(anonymous_5)
FNF:5
FNH:2
FNDA:1,(anonymous_0)
FNDA:2,(anonymous_2)
FNDA:0,(anonymous_3)
FNDA:0,(anonymous_4)
FNDA:0,(anonymous_5)
DA:1,1
DA:3,1
DA:5,1
DA:7,1
DA:8,2
DA:16,1
DA:17,0
DA:24,1
DA:25,0
DA:32,1
DA:33,0
DA:34,0
DA:35,0
DA:39,0
DA:42,1
LF:15
LH:9
BRDA:34,0,0,0
BRDA:34,0,1,0
BRF:2
BRH:0
end_of_record
TN:
SF:/home/abdul/Documents/Abdul-Qaiyyum/src/ApiLoginSchema.ts
FN:3,(anonymous_0)
FN:4,(anonymous_2)
FN:15,(anonymous_3)
FN:25,(anonymous_4)
FN:33,(anonymous_5)
FNF:5
FNH:5
FNDA:1,(anonymous_0)
FNDA:1,(anonymous_2)
FNDA:2,(anonymous_3)
FNDA:1,(anonymous_4)
FNDA:4,(anonymous_5)
DA:2,1
DA:3,1
DA:4,1
DA:5,1
DA:15,1
DA:16,2
DA:25,1
DA:26,1
DA:33,1
DA:34,4
DA:35,4
DA:36,1
DA:39,3
DA:42,1
LF:14
LH:14
BRDA:35,0,0,1
BRDA:35,0,1,3
BRF:2
BRH:2
end_of_record
TN:
SF:/home/abdul/Documents/Abdul-Qaiyyum/src/ApiLoginSignup.ts
FN:12,(anonymous_13)
FN:14,ApiLoginSignup
FN:17,(anonymous_15)
FN:17,(anonymous_16)
FN:41,(anonymous_18)
FN:41,(anonymous_19)
FN:63,(anonymous_21)
FN:63,(anonymous_22)
FN:84,(anonymous_24)
FN:84,(anonymous_25)
FN:96,(anonymous_27)
FN:117,(anonymous_28)
FN:117,(anonymous_29)
FN:138,(anonymous_31)
FN:138,(anonymous_32)
FNF:15
FNH:8
FNDA:1,(anonymous_13)
FNDA:1,ApiLoginSignup
FNDA:1,(anonymous_15)
FNDA:1,(anonymous_16)
FNDA:1,(anonymous_18)
FNDA:1,(anonymous_19)
FNDA:2,(anonymous_21)
FNDA:2,(anonymous_22)
FNDA:0,(anonymous_24)
FNDA:0,(anonymous_25)
FNDA:0,(anonymous_27)
FNDA:0,(anonymous_28)
FNDA:0,(anonymous_29)
FNDA:0,(anonymous_31)
FNDA:0,(anonymous_32)
DA:1,1
DA:2,1
DA:3,1
DA:5,1
DA:6,1
DA:8,1
DA:10,1
DA:12,1
DA:14,1
DA:15,1
DA:17,1
DA:20,1
DA:21,1
DA:24,1
DA:30,0
DA:34,0
DA:35,0
DA:41,1
DA:45,1
DA:53,0
DA:56,0
DA:57,0
DA:63,2
DA:67,2
DA:72,0
DA:73,0
DA:74,0
DA:75,0
DA:77,0
DA:80,0
DA:84,1
DA:88,0
DA:93,0
DA:95,0
DA:97,0
DA:98,0
DA:99,0
DA:101,0
DA:103,0
DA:106,0
DA:117,1
DA:119,0
DA:124,0
DA:125,0
DA:126,0
DA:127,0
DA:129,0
DA:133,0
DA:137,1
DA:138,0
DA:140,0
DA:145,0
DA:150,0
DA:151,0
DA:153,0
DA:158,1
LF:56
LH:22
BRDA:72,0,0,0
BRDA:72,0,1,0
BRDA:93,1,0,0
BRDA:93,1,1,0
BRDA:124,2,0,0
BRDA:124,2,1,0
BRF:6
BRH:0
end_of_record
TN:
SF:/home/abdul/Documents/Abdul-Qaiyyum/src/ApiStateRouter.ts
FN:15,(anonymous_13)
FN:18,State
FN:20,(anonymous_15)
FN:20,(anonymous_16)
FN:38,(anonymous_18)
FN:38,(anonymous_19)
FN:66,(anonymous_21)
FN:66,(anonymous_22)
FN:88,(anonymous_24)
FN:88,(anonymous_25)
FN:103,(anonymous_27)
FN:103,(anonymous_28)
FN:125,(anonymous_30)
FN:125,(anonymous_31)
FNF:14
FNH:2
FNDA:1,(anonymous_13)
FNDA:1,State
FNDA:0,(anonymous_15)
FNDA:0,(anonymous_16)
FNDA:0,(anonymous_18)
FNDA:0,(anonymous_19)
FNDA:0,(anonymous_21)
FNDA:0,(anonymous_22)
FNDA:0,(anonymous_24)
FNDA:0,(anonymous_25)
FNDA:0,(anonymous_27)
FNDA:0,(anonymous_28)
FNDA:0,(anonymous_30)
FNDA:0,(anonymous_31)
DA:1,1
DA:2,1
DA:5,1
DA:7,1
DA:8,1
DA:10,1
DA:15,1
DA:18,1
DA:19,1
DA:20,1
DA:24,0
DA:29,0
DA:32,0
DA:33,0
DA:38,1
DA:43,0
DA:48,0
DA:49,0
DA:52,0
DA:56,0
DA:57,0
DA:66,1
DA:71,0
DA:75,0
DA:78,0
DA:79,0
DA:88,1
DA:90,0
DA:94,0
DA:97,0
DA:98,0
DA:103,1
DA:105,0
DA:110,0
DA:116,0
DA:119,0
DA:120,0
DA:125,1
DA:128,0
DA:133,0
DA:136,0
DA:137,0
DA:141,1
DA:147,1
LF:44
LH:17
BRDA:48,0,0,0
BRDA:48,0,1,0
BRF:2
BRH:0
end_of_record
TN:
SF:/home/abdul/Documents/Abdul-Qaiyyum/src/ApiStateSchema.ts
FN:5,(anonymous_0)
FN:7,(anonymous_2)
FN:16,(anonymous_3)
FN:24,(anonymous_4)
FN:32,(anonymous_5)
FNF:5
FNH:2
FNDA:1,(anonymous_0)
FNDA:2,(anonymous_2)
FNDA:0,(anonymous_3)
FNDA:0,(anonymous_4)
FNDA:0,(anonymous_5)
DA:1,1
DA:3,1
DA:5,1
DA:7,1
DA:8,2
DA:16,1
DA:17,0
DA:24,1
DA:25,0
DA:32,1
DA:33,0
DA:34,0
DA:35,0
DA:39,0
DA:42,1
LF:15
LH:9
BRDA:34,0,0,0
BRDA:34,0,1,0
BRF:2
BRH:0
end_of_record
TN:
SF:/home/abdul/Documents/Abdul-Qaiyyum/src/Database.ts
FN:3,(anonymous_13)
FN:6,Database
FN:13,(anonymous_15)
FN:30,(anonymous_18)
FN:41,(anonymous_21)
FN:53,(anonymous_24)
FN:66,(anonymous_27)
FN:79,(anonymous_30)
FNF:8
FNH:6
FNDA:1,(anonymous_13)
FNDA:5,Database
FNDA:2,(anonymous_15)
FNDA:1,(anonymous_18)
FNDA:0,(anonymous_21)
FNDA:1,(anonymous_24)
FNDA:0,(anonymous_27)
FNDA:1,(anonymous_30)
DA:1,1
DA:3,1
DA:7,5
DA:8,5
DA:9,5
DA:13,1
DA:16,2
DA:17,0
DA:18,0
DA:19,0
DA:20,0
DA:25,0
DA:30,1
DA:32,1
DA:33,0
DA:34,0
DA:35,0
DA:36,0
DA:38,0
DA:41,1
DA:43,0
DA:44,0
DA:45,0
DA:46,0
DA:47,0
DA:49,0
DA:53,1
DA:55,1
DA:56,0
DA:57,0
DA:58,0
DA:59,0
DA:61,0
DA:66,1
DA:68,0
DA:69,0
DA:70,0
DA:71,0
DA:72,0
DA:74,0
DA:79,1
DA:81,1
DA:82,0
DA:83,0
DA:84,0
DA:85,0
DA:88,0
DA:92,1
DA:94,1
LF:49
LH:17
BRF:0
BRH:0
end_of_record
TN:
SF:/home/abdul/Documents/Abdul-Qaiyyum/src/app.ts
FN:14,(anonymous_0)
FN:21,(anonymous_1)
FNF:2
FNH:1
FNDA:36,(anonymous_0)
FNDA:0,(anonymous_1)
DA:1,1
DA:3,1
DA:4,1
DA:5,1
DA:6,1
DA:7,1
DA:8,1
DA:9,1
DA:10,1
DA:11,1
DA:14,1
DA:15,36
DA:16,36
DA:17,36
DA:18,36
DA:19,36
DA:21,0
DA:22,0
DA:23,0
DA:24,0
DA:30,1
DA:31,1
DA:32,1
DA:33,1
DA:34,1
LF:25
LH:21
BRDA:18,0,0,36
BRDA:18,0,1,0
BRDA:22,1,0,0
BRDA:22,1,1,0
BRF:4
BRH:1
end_of_record
