TN:
SF:/home/abdul/Documents/Abdul-Qaiyyum/src/ApiCityRouter.ts
FN:13,(anonymous_13)
FN:15,Product
FN:17,(anonymous_15)
FN:17,(anonymous_16)
FN:35,(anonymous_18)
FN:35,(anonymous_19)
FN:50,(anonymous_21)
FN:50,(anonymous_22)
FN:71,(anonymous_24)
FN:71,(anonymous_25)
FN:86,(anonymous_27)
FN:86,(anonymous_28)
FN:108,(anonymous_30)
FN:108,(anonymous_31)
FNF:14
FNH:10
FNDA:1,(anonymous_13)
FNDA:1,Product
FNDA:1,(anonymous_15)
FNDA:1,(anonymous_16)
FNDA:7,(anonymous_18)
FNDA:7,(anonymous_19)
FNDA:0,(anonymous_21)
FNDA:0,(anonymous_22)
FNDA:0,(anonymous_24)
FNDA:0,(anonymous_25)
FNDA:1,(anonymous_27)
FNDA:1,(anonymous_28)
FNDA:1,(anonymous_30)
FNDA:1,(anonymous_31)
DA:1,1
DA:2,1
DA:3,1
DA:5,1
DA:7,1
DA:8,1
DA:13,1
DA:15,1
DA:16,1
DA:17,1
DA:21,1
DA:26,1
DA:29,0
DA:30,0
DA:35,7
DA:37,7
DA:41,7
DA:44,0
DA:45,0
DA:50,1
DA:54,0
DA:58,0
DA:61,0
DA:62,0
DA:71,1
DA:73,0
DA:77,0
DA:80,0
DA:81,0
DA:86,1
DA:88,1
DA:93,1
DA:99,1
DA:102,0
DA:103,0
DA:108,1
DA:111,1
DA:116,1
DA:119,0
DA:120,0
DA:124,1
DA:137,1
LF:42
LH:26
BRF:0
BRH:0
end_of_record
TN:
SF:/home/abdul/Documents/Abdul-Qaiyyum/src/ApiCitySchema.ts
FN:5,(anonymous_0)
FN:7,(anonymous_2)
FN:16,(anonymous_3)
FN:24,(anonymous_4)
FN:32,(anonymous_5)
FNF:5
FNH:4
FNDA:1,(anonymous_0)
FNDA:1,(anonymous_2)
FNDA:0,(anonymous_3)
FNDA:1,(anonymous_4)
FNDA:8,(anonymous_5)
DA:1,1
DA:3,1
DA:5,1
DA:7,1
DA:8,1
DA:16,1
DA:17,0
DA:24,1
DA:25,1
DA:32,1
DA:33,8
DA:34,8
DA:35,4
DA:39,4
DA:42,1
LF:15
LH:14
BRDA:34,0,0,4
BRDA:34,0,1,4
BRF:2
BRH:2
end_of_record
TN:
SF:/home/abdul/Documents/Abdul-Qaiyyum/src/ApiCountryRouter.ts
FN:14,(anonymous_13)
FN:17,Country
FN:19,(anonymous_15)
FN:19,(anonymous_16)
FN:43,(anonymous_18)
FN:43,(anonymous_19)
FN:61,(anonymous_21)
FN:61,(anonymous_22)
FN:99,(anonymous_24)
FN:99,(anonymous_25)
FN:117,(anonymous_27)
FN:117,(anonymous_28)
FN:139,(anonymous_30)
FN:139,(anonymous_31)
FNF:14
FNH:8
FNDA:1,(anonymous_13)
FNDA:1,Country
FNDA:1,(anonymous_15)
FNDA:1,(anonymous_16)
FNDA:0,(anonymous_18)
FNDA:0,(anonymous_19)
FNDA:0,(anonymous_21)
FNDA:0,(anonymous_22)
FNDA:0,(anonymous_24)
FNDA:0,(anonymous_25)
FNDA:1,(anonymous_27)
FNDA:1,(anonymous_28)
FNDA:1,(anonymous_30)
FNDA:1,(anonymous_31)
DA:1,1
DA:2,1
DA:3,1
DA:5,1
DA:7,1
DA:8,1
DA:9,1
DA:14,1
DA:17,1
DA:18,1
DA:19,1
DA:22,1
DA:27,1
DA:30,0
DA:31,0
DA:43,1
DA:48,0
DA:52,0
DA:55,0
DA:56,0
DA:61,1
DA:64,0
DA:65,0
DA:67,0
DA:68,0
DA:69,0
DA:70,0
DA:76,0
DA:82,0
DA:83,0
DA:85,0
DA:89,0
DA:90,0
DA:99,1
DA:101,0
DA:105,0
DA:108,0
DA:109,0
DA:117,1
DA:119,1
DA:124,1
DA:130,1
DA:133,0
DA:134,0
DA:139,1
DA:142,1
DA:147,1
DA:150,0
DA:151,0
DA:160,1
DA:173,1
LF:51
LH:25
BRDA:68,0,0,0
BRDA:68,0,1,0
BRDA:68,1,0,0
BRDA:68,1,1,0
BRDA:82,2,0,0
BRDA:82,2,1,0
BRF:6
BRH:0
end_of_record
TN:
SF:/home/abdul/Documents/Abdul-Qaiyyum/src/ApiCountrySchema.ts
FN:5,(anonymous_0)
FN:7,(anonymous_2)
FN:16,(anonymous_3)
FN:24,(anonymous_4)
FN:32,(anonymous_5)
FNF:5
FNH:2
FNDA:1,(anonymous_0)
FNDA:2,(anonymous_2)
FNDA:0,(anonymous_3)
FNDA:0,(anonymous_4)
FNDA:0,(anonymous_5)
DA:1,1
DA:3,1
DA:5,1
DA:7,1
DA:8,2
DA:16,1
DA:17,0
DA:24,1
DA:25,0
DA:32,1
DA:33,0
DA:34,0
DA:35,0
DA:39,0
DA:42,1
LF:15
LH:9
BRDA:34,0,0,0
BRDA:34,0,1,0
BRF:2
BRH:0
end_of_record
TN:
SF:/home/abdul/Documents/Abdul-Qaiyyum/src/ApiLoginSchema.ts
FN:3,(anonymous_0)
FN:4,(anonymous_2)
FN:15,(anonymous_3)
FN:25,(anonymous_4)
FN:33,(anonymous_5)
FNF:5
FNH:5
FNDA:1,(anonymous_0)
FNDA:1,(anonymous_2)
FNDA:2,(anonymous_3)
FNDA:1,(anonymous_4)
FNDA:3,(anonymous_5)
DA:2,1
DA:3,1
DA:4,1
DA:5,1
DA:15,1
DA:16,2
DA:25,1
DA:26,1
DA:33,1
DA:34,3
DA:35,3
DA:36,1
DA:39,2
DA:42,1
LF:14
LH:14
BRDA:35,0,0,1
BRDA:35,0,1,2
BRF:2
BRH:2
end_of_record
TN:
SF:/home/abdul/Documents/Abdul-Qaiyyum/src/ApiLoginSignup.ts
FN:12,(anonymous_13)
FN:14,ApiLoginSignup
FN:17,(anonymous_15)
FN:17,(anonymous_16)
FN:43,(anonymous_18)
FN:43,(anonymous_19)
FN:71,(anonymous_21)
FN:71,(anonymous_22)
FN:92,(anonymous_24)
FN:92,(anonymous_25)
FNF:10
FNH:6
FNDA:1,(anonymous_13)
FNDA:1,ApiLoginSignup
FNDA:1,(anonymous_15)
FNDA:1,(anonymous_16)
FNDA:1,(anonymous_18)
FNDA:1,(anonymous_19)
FNDA:0,(anonymous_21)
FNDA:0,(anonymous_22)
FNDA:0,(anonymous_24)
FNDA:0,(anonymous_25)
DA:1,1
DA:2,1
DA:3,1
DA:5,1
DA:6,1
DA:8,1
DA:10,1
DA:12,1
DA:14,1
DA:15,1
DA:17,1
DA:22,1
DA:23,1
DA:24,1
DA:27,1
DA:33,1
DA:37,0
DA:38,0
DA:43,1
DA:47,1
DA:52,1
DA:53,1
DA:54,1
DA:55,1
DA:57,0
DA:60,0
DA:71,1
DA:73,0
DA:78,0
DA:79,0
DA:80,0
DA:81,0
DA:83,0
DA:87,0
DA:91,1
DA:92,0
DA:94,0
DA:99,0
DA:104,0
DA:105,0
DA:107,0
DA:112,1
LF:42
LH:25
BRDA:52,0,0,1
BRDA:52,0,1,0
BRDA:78,1,0,0
BRDA:78,1,1,0
BRF:4
BRH:1
end_of_record
TN:
SF:/home/abdul/Documents/Abdul-Qaiyyum/src/ApiStateRouter.ts
FN:15,(anonymous_13)
FN:18,State
FN:20,(anonymous_15)
FN:20,(anonymous_16)
FN:38,(anonymous_18)
FN:38,(anonymous_19)
FN:66,(anonymous_21)
FN:66,(anonymous_22)
FN:88,(anonymous_24)
FN:88,(anonymous_25)
FN:103,(anonymous_27)
FN:103,(anonymous_28)
FN:125,(anonymous_30)
FN:125,(anonymous_31)
FNF:14
FNH:8
FNDA:1,(anonymous_13)
FNDA:1,State
FNDA:1,(anonymous_15)
FNDA:1,(anonymous_16)
FNDA:0,(anonymous_18)
FNDA:0,(anonymous_19)
FNDA:0,(anonymous_21)
FNDA:0,(anonymous_22)
FNDA:0,(anonymous_24)
FNDA:0,(anonymous_25)
FNDA:1,(anonymous_27)
FNDA:1,(anonymous_28)
FNDA:1,(anonymous_30)
FNDA:1,(anonymous_31)
DA:1,1
DA:2,1
DA:5,1
DA:7,1
DA:8,1
DA:10,1
DA:15,1
DA:18,1
DA:19,1
DA:20,1
DA:24,1
DA:29,1
DA:32,0
DA:33,0
DA:38,1
DA:43,0
DA:48,0
DA:49,0
DA:52,0
DA:56,0
DA:57,0
DA:66,1
DA:71,0
DA:75,0
DA:78,0
DA:79,0
DA:88,1
DA:90,0
DA:94,0
DA:97,0
DA:98,0
DA:103,1
DA:105,1
DA:110,1
DA:116,1
DA:119,0
DA:120,0
DA:125,1
DA:128,1
DA:133,1
DA:136,0
DA:137,0
DA:141,1
DA:147,1
LF:44
LH:24
BRDA:48,0,0,0
BRDA:48,0,1,0
BRF:2
BRH:0
end_of_record
TN:
SF:/home/abdul/Documents/Abdul-Qaiyyum/src/ApiStateSchema.ts
FN:5,(anonymous_0)
FN:7,(anonymous_2)
FN:16,(anonymous_3)
FN:24,(anonymous_4)
FN:32,(anonymous_5)
FNF:5
FNH:3
FNDA:1,(anonymous_0)
FNDA:2,(anonymous_2)
FNDA:0,(anonymous_3)
FNDA:0,(anonymous_4)
FNDA:4,(anonymous_5)
DA:1,1
DA:3,1
DA:5,1
DA:7,1
DA:8,2
DA:16,1
DA:17,0
DA:24,1
DA:25,0
DA:32,1
DA:33,4
DA:34,4
DA:35,2
DA:39,2
DA:42,1
LF:15
LH:13
BRDA:34,0,0,2
BRDA:34,0,1,2
BRF:2
BRH:2
end_of_record
TN:
SF:/home/abdul/Documents/Abdul-Qaiyyum/src/Database.ts
FN:3,(anonymous_13)
FN:6,Database
FN:13,(anonymous_15)
FN:30,(anonymous_18)
FN:41,(anonymous_21)
FN:53,(anonymous_24)
FN:66,(anonymous_27)
FN:79,(anonymous_30)
FNF:8
FNH:7
FNDA:1,(anonymous_13)
FNDA:19,Database
FNDA:1,(anonymous_15)
FNDA:7,(anonymous_18)
FNDA:0,(anonymous_21)
FNDA:4,(anonymous_24)
FNDA:3,(anonymous_27)
FNDA:4,(anonymous_30)
DA:1,1
DA:3,1
DA:7,19
DA:8,19
DA:9,19
DA:13,1
DA:16,1
DA:17,1
DA:18,1
DA:19,1
DA:20,1
DA:25,0
DA:30,1
DA:32,7
DA:33,7
DA:34,7
DA:35,7
DA:36,7
DA:38,0
DA:41,1
DA:43,0
DA:44,0
DA:45,0
DA:46,0
DA:47,0
DA:49,0
DA:53,1
DA:55,4
DA:56,4
DA:57,4
DA:58,4
DA:59,4
DA:61,0
DA:66,1
DA:68,3
DA:69,3
DA:70,3
DA:71,3
DA:72,3
DA:74,0
DA:79,1
DA:81,4
DA:82,4
DA:83,4
DA:84,4
DA:85,4
DA:88,0
DA:92,1
DA:94,1
LF:49
LH:38
BRF:0
BRH:0
end_of_record
TN:
SF:/home/abdul/Documents/Abdul-Qaiyyum/src/app.ts
FN:14,(anonymous_0)
FN:21,(anonymous_1)
FNF:2
FNH:2
FNDA:34,(anonymous_0)
FNDA:22,(anonymous_1)
DA:1,1
DA:3,1
DA:4,1
DA:5,1
DA:6,1
DA:7,1
DA:8,1
DA:9,1
DA:10,1
DA:11,1
DA:14,1
DA:15,34
DA:16,34
DA:17,34
DA:18,34
DA:19,12
DA:21,22
DA:22,22
DA:23,22
DA:24,0
DA:30,1
DA:31,1
DA:32,1
DA:33,1
DA:34,1
LF:25
LH:24
BRDA:18,0,0,12
BRDA:18,0,1,22
BRDA:22,1,0,22
BRDA:22,1,1,0
BRF:4
BRH:3
end_of_record
